Loading Dataset ...
__data__/trainingV2.txt
Dataset Loaded Successfully
5 Records Loaded
Loading Dataset ...
__data__/trainingV2.txt
Train Data File Not Loaded
Loading Dataset ...
__data__/trainingV2.txt
Train Data File Not Loaded
Loading Dataset ...
__data__/trainingV2.txt
Train Data File Not Loaded
Loading Dataset ...
__data__/trainingV2.txt
Train Data File Not Loaded
Loading Dataset ...
__data__/trainingV2.txt
Train Data File Not Loaded
Loading Dataset ...
/__data__/trainingV2.txt
Train Data File Not Loaded
Loading Dataset ...
__data__/trainingV2.txt
Train Data File Not Loaded
Loading Dataset ...
/__data__/trainingV2.txt
Train Data File Not Loaded
Loading Dataset ...
__data__/trainingV2.txt
Train Data File Not Loaded
Loading Dataset ...
__data__/trainingV2.txt
Train Data File Not Loaded
Loading Dataset ...
__data__/trainingV2.txt
Train Data File Not Loaded
Loading Dataset ...
__data__/trainingV2.txt
Dataset Loaded Successfully
5 Records Loaded
Loading Dataset ...
__data__/trainingV2.txt
Dataset Loaded Successfully
5 Records Loaded
Loading Dataset ...
__data__/trainingV2.txt
Train Data File Not Loaded
Loading Dataset ...
__data__/trainingV2.txt
Dataset Loaded Successfully
5 Records Loaded
Loading Dataset ...
__data__/trainingV2.txt
Dataset Loaded Successfully
5 Records Loaded
Loading Dataset ...
__data__/trainingV2.txt
Dataset Loaded Successfully
5 Records Loaded
Loading Dataset ...
__data__/trainingV2.txt
Dataset Loaded Successfully
5 Records Loaded
Loading Dataset ...
__data__/trainingV2.txt
Dataset Loaded Successfully
5 Records Loaded
Loading Dataset ...
__data__/trainingV2.txt
Dataset Loaded Successfully
5 Records Loaded
Loading Dataset ...
__data__/trainingV2.txt
Dataset Loaded Successfully
5 Records Loaded
Loading Dataset ...
__data__/trainingV2.txt
Dataset Loaded Successfully
5 Records Loaded
Loading Dataset ...
__data__/trainingV2.txt
Dataset Loaded Successfully
5 Records Loaded
Loading Dataset ...
__data__/trainingV2.txt
Dataset Loaded Successfully
5 Records Loaded
Loading Dataset ...
__data__/trainingV2.txt
Dataset Loaded Successfully
5 Records Loaded
Loading Dataset ...
__data__/trainingV2.txt
Dataset Loaded Successfully
5 Records Loaded
Loading Dataset ...
__data__/trainingV2.txt
Dataset Loaded Successfully
5 Records Loaded
Loading Dataset ...
__data__/trainingV2.txt
Dataset Loaded Successfully
5 Records Loaded
Loading Dataset ...
__data__/trainingV2.txt
Dataset Loaded Successfully
5 Records Loaded
Loading Dataset ...
__data__/trainingV2.txt
Dataset Loaded Successfully
5 Records Loaded
Loading Dataset ...
__data__/trainingV2.txt
Dataset Loaded Successfully
5 Records Loaded
Loading Dataset ...
__data__/trainingV2.txt
Dataset Loaded Successfully
5 Records Loaded
Loading Dataset ...
__data__/trainingV2.txt
Dataset Loaded Successfully
5 Records Loaded
Loading Dataset ...
__data__/trainingV2.txt
Dataset Loaded Successfully
5 Records Loaded
Loading Dataset ...
__data__/trainingV2.txt
Dataset Loaded Successfully
5 Records Loaded
Loading Dataset ...
__data__/trainingV2.txt
Dataset Loaded Successfully
5 Records Loaded
Loading Dataset ...
__data__/trainingV2.txt
Dataset Loaded Successfully
5 Records Loaded
Loading Dataset ...
__data__/trainingV2.txt
Dataset Loaded Successfully
5 Records Loaded
Loading Dataset ...
__data__/trainingV2.txt
Dataset Loaded Successfully
5 Records Loaded
Loading Dataset ...
__data__/trainingV2.txt
Dataset Loaded Successfully
5 Records Loaded
Loading Dataset ...
__data__/trainingV2.txt
Dataset Loaded Successfully
5 Records Loaded
Loading Dataset ...
__data__/trainingV2.txt
Dataset Loaded Successfully
5 Records Loaded
Loading Dataset ...
__data__/trainingV2.txt
Dataset Loaded Successfully
5 Records Loaded
Loading Dataset ...
__data__/trainingV2.txt
Dataset Loaded Successfully
5 Records Loaded
Loading Dataset ...
__data__/trainingV2.txt
Dataset Loaded Successfully
5 Records Loaded
Loading Dataset ...
__data__/trainingV2.txt
Dataset Loaded Successfully
5 Records Loaded
Loading Dataset ...
__data__/trainingV2.txt
Dataset Loaded Successfully
5 Records Loaded
Loading Dataset ...
__data__/trainingV2.txt
Dataset Loaded Successfully
5 Records Loaded
Loading Dataset ...
__data__/trainingV2.txt
Dataset Loaded Successfully
5 Records Loaded
Loading Dataset ...
__data__/trainingV2.txt
Dataset Loaded Successfully
5 Records Loaded
Loading Dataset ...
__data__/trainingV2.txt
Dataset Loaded Successfully
5 Records Loaded
Loading Dataset ...
__data__/trainingV2.txt
Dataset Loaded Successfully
5 Records Loaded
Loading Dataset ...
__data__/trainingV2.txt
Dataset Loaded Successfully
5 Records Loaded
Loading Dataset ...
__data__/trainingV2.txt
Dataset Loaded Successfully
5 Records Loaded
Loading Dataset ...
__data__/trainingV2.txt
Dataset Loaded Successfully
5 Records Loaded
Loading Dataset ...
__data__/trainingV2.txt
Dataset Loaded Successfully
5 Records Loaded
Loading Dataset ...
__data__/trainingV2.txt
Dataset Loaded Successfully
5 Records Loaded
